#
# A fatal error has been detected by the Java Runtime Environment:
#
#  EXCEPTION_ACCESS_VIOLATION (0xc0000005) at pc=0x000000006d95f4f4, pid=4136, tid=5300
#
# JRE version: 6.0_29-b11
# Java VM: Java HotSpot(TM) 64-Bit Server VM (20.4-b02 mixed mode windows-amd64 compressed oops)
# Problematic frame:
# V  [jvm.dll+0xcf4f4]
#
# If you would like to submit a bug report, please visit:
#   http://java.sun.com/webapps/bugreport/crash.jsp
#

---------------  T H R E A D  ---------------

Current thread (0x000000000051d000):  VMThread [stack: 0x0000000006380000,0x0000000006480000] [id=5300]

siginfo: ExceptionCode=0xc0000005, reading address 0x00000000c2fa4e00

Registers:
RAX=0x00000000c2fa4e00, RBX=0x00000000c2fa4e00, RCX=0x0000000000000000, RDX=0x00000000e2fa4de0
RSP=0x000000000647f670, RBP=0x00000000c14dfa60, RSI=0x00000000e2fa4e00, RDI=0x00000000c14dfa58
R8 =0x0000000000000001, R9 =0x0000000008c0ffd0, R10=0x00000000000001fe, R11=0x0000000000000000
R12=0x00000000e2fa4de0, R13=0x0000000000474df0, R14=0x000000000057d9a0, R15=0x0000000000000012
RIP=0x000000006d95f4f4, EFLAGS=0x0000000000010206

Top of Stack: (sp=0x000000000647f670)
0x000000000647f670:   00000000e48e6e28 000000006d9a39f0
0x000000000647f680:   0000000000000003 00000000c1449d58
0x000000000647f690:   00000000e2fa4dfc 000000006d97d5ea
0x000000000647f6a0:   0000000000000003 000000000046a8d0
0x000000000647f6b0:   0000000008c0dfb0 000000000057aeb0
0x000000000647f6c0:   000000000046a8d0 000000006dae295b
0x000000000647f6d0:   00000000e2fa4de0 0000000000000000
0x000000000647f6e0:   000000000057aeb0 0000000008c0dfb0
0x000000000647f6f0:   000000000046a8d0 000000006dc57ed0
0x000000000647f700:   0000000000000000 000000000046a840
0x000000000647f710:   000000000057aeb0 000000006dfab0d0
0x000000000647f720:   0000000000576f20 000000006dc65c52
0x000000000647f730:   000000006de5b058 0000000000000000
0x000000000647f740:   000000006dfab0d0 0000000000000c01
0x000000000647f750:   0000000000010100 0000000000000000
0x000000000647f760:   000000000057c000 0000000000000000 

Instructions: (pc=0x000000006d95f4f4)
0x000000006d95f4d4:   ec 20 8b 01 85 c0 0f 84 7e 01 00 00 0f b6 0d 49
0x000000006d95f4e4:   5d 63 00 48 8b d8 48 d3 e3 48 03 1d 34 5d 63 00
0x000000006d95f4f4:   48 8b 03 24 03 3c 03 0f 84 5d 01 00 00 48 8b 13
0x000000006d95f504:   48 c7 44 24 30 03 00 00 00 48 8b 44 24 30 48 89 


Register to memory mapping:

RAX=0x00000000c2fa4e00 is an unallocated location in the heap
RBX=0x00000000c2fa4e00 is an unallocated location in the heap
RCX=0x0000000000000000 is an unknown value
RDX=0x00000000e2fa4de0 is an oop
org.apache.derby.iapi.services.io.ArrayInputStream 
 - klass: 'org/apache/derby/iapi/services/io/ArrayInputStream'
RSP=0x000000000647f670 is an unknown value
RBP=0x00000000c14dfa60 is an oop
java.lang.Class 
 - klass: 'java/lang/Class'
RSI=0x00000000e2fa4e00 is an oop
org.apache.derby.iapi.services.io.FormatIdInputStream 
 - klass: 'org/apache/derby/iapi/services/io/FormatIdInputStream'
RDI=0x00000000c14dfa58 is an oop
{instance class} 
 - klass: {other class}
R8 =0x0000000000000001 is an unknown value
R9 =0x0000000008c0ffd0 is an unknown value
R10=0x00000000000001fe is an unknown value
R11=0x0000000000000000 is an unknown value
R12=0x00000000e2fa4de0 is an oop
org.apache.derby.iapi.services.io.ArrayInputStream 
 - klass: 'org/apache/derby/iapi/services/io/ArrayInputStream'
R13=0x0000000000474df0 is an unknown value
R14=0x000000000057d9a0 is an unknown value
R15=0x0000000000000012 is an unknown value


Stack: [0x0000000006380000,0x0000000006480000],  sp=0x000000000647f670,  free space=1021k
Native frames: (J=compiled Java code, j=interpreted, Vv=VM code, C=native code)
V  [jvm.dll+0xcf4f4]

VM_Operation (0x000000000d08dee0): ParallelGCFailedAllocation, mode: safepoint, requested by thread 0x00000000088c3800


---------------  P R O C E S S  ---------------

Java Threads: ( => current thread )
  0x00000000088c7800 JavaThread "default-invoker-Thread-22" [_thread_blocked, id=7580, stack(0x000000000d590000,0x000000000d690000)]
  0x00000000088c6800 JavaThread "default-invoker-Thread-21" [_thread_blocked, id=7740, stack(0x000000000d490000,0x000000000d590000)]
  0x00000000088c6000 JavaThread "default-invoker-Thread-20" [_thread_blocked, id=5280, stack(0x000000000d390000,0x000000000d490000)]
  0x00000000088c5000 JavaThread "default-invoker-Thread-19" [_thread_blocked, id=6364, stack(0x000000000d290000,0x000000000d390000)]
  0x00000000088c4800 JavaThread "default-invoker-Thread-18" [_thread_blocked, id=7704, stack(0x000000000d090000,0x000000000d190000)]
  0x00000000088c3800 JavaThread "OFBiz-config-3" daemon [_thread_blocked, id=7692, stack(0x000000000cf90000,0x000000000d090000)]
  0x00000000088c2800 JavaThread "Thread-16" daemon [_thread_blocked, id=7680, stack(0x000000000ce90000,0x000000000cf90000)]
  0x00000000088c3000 JavaThread "entity-datasource(localderby)-0" daemon [_thread_blocked, id=6652, stack(0x000000000d190000,0x000000000d290000)]
  0x00000000088c1800 JavaThread "entity-datasource(localderbytenant)-0" daemon [_thread_blocked, id=1072, stack(0x000000000cd90000,0x000000000ce90000)]
  0x00000000088c1000 JavaThread "derby.rawStoreDaemon" daemon [_thread_blocked, id=4184, stack(0x000000000cc90000,0x000000000cd90000)]
  0x00000000088c0000 JavaThread "entity-datasource(localderbyolap)-0" daemon [_thread_blocked, id=6984, stack(0x000000000cb90000,0x000000000cc90000)]
  0x00000000088bf800 JavaThread "derby.rawStoreDaemon" daemon [_thread_blocked, id=2788, stack(0x000000000ca90000,0x000000000cb90000)]
  0x0000000008fcc800 JavaThread "derby.rawStoreDaemon" daemon [_thread_blocked, id=1556, stack(0x000000000c990000,0x000000000ca90000)]
  0x0000000009b6d800 JavaThread "Timer-1" daemon [_thread_blocked, id=6228, stack(0x000000000c890000,0x000000000c990000)]
  0x000000000b004800 JavaThread "Timer-0" daemon [_thread_blocked, id=3608, stack(0x000000000c790000,0x000000000c890000)]
  0x000000000a994800 JavaThread "OFBiz-config-2" daemon [_thread_blocked, id=5516, stack(0x000000000c3a0000,0x000000000c4a0000)]
  0x000000000945a000 JavaThread "OFBiz-config-1" daemon [_thread_blocked, id=6536, stack(0x000000000c2a0000,0x000000000c3a0000)]
  0x0000000009459000 JavaThread "OFBiz-config-0" daemon [_thread_blocked, id=6216, stack(0x000000000c1a0000,0x000000000c2a0000)]
  0x000000000a062800 JavaThread "ExecutionPoolPulseWorker(3)" daemon [_thread_blocked, id=3620, stack(0x000000000c0a0000,0x000000000c1a0000)]
  0x000000000a061800 JavaThread "ExecutionPoolPulseWorker(2)" daemon [_thread_blocked, id=2312, stack(0x000000000bfa0000,0x000000000c0a0000)]
  0x000000000a461000 JavaThread "ExecutionPoolPulseWorker(1)" daemon [_thread_blocked, id=4368, stack(0x000000000bea0000,0x000000000bfa0000)]
  0x000000000795e800 JavaThread "ExecutionPoolPulseWorker(0)" daemon [_thread_blocked, id=4748, stack(0x000000000bda0000,0x000000000bea0000)]
  0x00000000079ea000 JavaThread "AsyncAppender-Dispatcher-Thread-3" daemon [_thread_blocked, id=6276, stack(0x0000000006ff0000,0x00000000070f0000)]
  0x00000000066e8800 JavaThread "Low Memory Detector" daemon [_thread_blocked, id=5204, stack(0x0000000006c80000,0x0000000006d80000)]
  0x00000000066df000 JavaThread "C2 CompilerThread1" daemon [_thread_blocked, id=3220, stack(0x0000000006b80000,0x0000000006c80000)]
  0x00000000066da000 JavaThread "C2 CompilerThread0" daemon [_thread_blocked, id=5724, stack(0x0000000006a80000,0x0000000006b80000)]
  0x0000000006693000 JavaThread "Attach Listener" daemon [_thread_blocked, id=4148, stack(0x0000000006980000,0x0000000006a80000)]
  0x000000000668d800 JavaThread "Signal Dispatcher" daemon [_thread_blocked, id=6820, stack(0x0000000006880000,0x0000000006980000)]
  0x000000000052c800 JavaThread "Finalizer" daemon [_thread_blocked, id=4508, stack(0x0000000006580000,0x0000000006680000)]
  0x0000000000525800 JavaThread "Reference Handler" daemon [_thread_blocked, id=6096, stack(0x0000000006480000,0x0000000006580000)]
  0x000000000057c000 JavaThread "main" [_thread_blocked, id=7072, stack(0x00000000024b0000,0x00000000025b0000)]

Other Threads:
=>0x000000000051d000 VMThread [stack: 0x0000000006380000,0x0000000006480000] [id=5300]
  0x00000000066fc800 WatcherThread [stack: 0x0000000006d80000,0x0000000006e80000] [id=6320]

VM state:at safepoint (normal execution)

VM Mutex/Monitor currently owned by a thread:  ([mutex/lock_event])
[0x000000000057a0b0] Threads_lock - owner thread: 0x000000000051d000
[0x000000000057a5b0] Heap_lock - owner thread: 0x00000000088c3800

Heap
 PSYoungGen      total 52992K, used 5056K [0x00000000f5560000, 0x00000000f9aa0000, 0x0000000100000000)
  eden space 44352K, 0% used [0x00000000f5560000,0x00000000f5560000,0x00000000f80b0000)
  from space 8640K, 58% used [0x00000000f80b0000,0x00000000f85a0020,0x00000000f8920000)
  to   space 8832K, 0% used [0x00000000f9200000,0x00000000f9200000,0x00000000f9aa0000)
 PSOldGen        total 87424K, used 84679K [0x00000000e0000000, 0x00000000e5560000, 0x00000000f5560000)
  object space 87424K, 96% used [0x00000000e0000000,0x00000000e52b1f38,0x00000000e5560000)
 PSPermGen       total 32000K, used 31975K [0x00000000c0000000, 0x00000000c1f40000, 0x00000000e0000000)
  object space 32000K, 99% used [0x00000000c0000000,0x00000000c1f39e18,0x00000000c1f40000)

Code Cache  [0x00000000025b0000, 0x0000000002bc0000, 0x00000000055b0000)
 total_blobs=2106 nmethods=1547 adapters=511 free_code_cache=44153984 largest_free_block=31936

Dynamic libraries:
0x0000000000400000 - 0x000000000042e000 	C:\Program Files\Java\jdk1.6.0_29\jre\bin\java.exe
0x00000000772c0000 - 0x000000007746c000 	C:\Windows\SYSTEM32\ntdll.dll
0x00000000771a0000 - 0x00000000772bf000 	C:\Windows\system32\kernel32.dll
0x000007fefd900000 - 0x000007fefd96c000 	C:\Windows\system32\KERNELBASE.dll
0x000007fefdfa0000 - 0x000007fefe07b000 	C:\Windows\system32\ADVAPI32.dll
0x000007fefe260000 - 0x000007fefe2ff000 	C:\Windows\system32\msvcrt.dll
0x000007fefe550000 - 0x000007fefe56f000 	C:\Windows\SYSTEM32\sechost.dll
0x000007fefe330000 - 0x000007fefe45e000 	C:\Windows\system32\RPCRT4.dll
0x000000006d890000 - 0x000000006e048000 	C:\Program Files\Java\jdk1.6.0_29\jre\bin\server\jvm.dll
0x00000000770a0000 - 0x000000007719a000 	C:\Windows\system32\USER32.dll
0x000007feff460000 - 0x000007feff4c7000 	C:\Windows\system32\GDI32.dll
0x000007fefdb00000 - 0x000007fefdb0e000 	C:\Windows\system32\LPK.dll
0x000007fefe460000 - 0x000007fefe52a000 	C:\Windows\system32\USP10.dll
0x000007fefba10000 - 0x000007fefba4b000 	C:\Windows\system32\WINMM.dll
0x000007fefe300000 - 0x000007fefe32e000 	C:\Windows\system32\IMM32.DLL
0x000007fefe570000 - 0x000007fefe679000 	C:\Windows\system32\MSCTF.dll
0x000000006d800000 - 0x000000006d80e000 	C:\Program Files\Java\jdk1.6.0_29\jre\bin\verify.dll
0x000000006d450000 - 0x000000006d477000 	C:\Program Files\Java\jdk1.6.0_29\jre\bin\java.dll
0x000000006d850000 - 0x000000006d862000 	C:\Program Files\Java\jdk1.6.0_29\jre\bin\zip.dll
0x000000006d6a0000 - 0x000000006d6b7000 	C:\Program Files\Java\jdk1.6.0_29\jre\bin\net.dll
0x000007feff410000 - 0x000007feff45d000 	C:\Windows\system32\WS2_32.dll
0x000007feff5c0000 - 0x000007feff5c8000 	C:\Windows\system32\NSI.dll
0x000007fefcf60000 - 0x000007fefcfb4000 	C:\Windows\system32\mswsock.dll
0x000007fefcf50000 - 0x000007fefcf57000 	C:\Windows\System32\wship6.dll
0x000007fefb800000 - 0x000007fefb815000 	C:\Windows\system32\NLAapi.dll
0x000007fefcde0000 - 0x000007fefce3b000 	C:\Windows\system32\DNSAPI.dll
0x000007fef7c30000 - 0x000007fef7c3b000 	C:\Windows\System32\winrnr.dll
0x000007fef7c10000 - 0x000007fef7c25000 	C:\Windows\system32\napinsp.dll
0x000007fef7b10000 - 0x000007fef7b29000 	C:\Windows\system32\pnrpnsp.dll
0x00000000725d0000 - 0x00000000725f6000 	C:\Program Files\Bonjour\mdnsNSP.dll
0x000007fefb340000 - 0x000007fefb367000 	C:\Windows\system32\Iphlpapi.DLL
0x000007fefb320000 - 0x000007fefb32b000 	C:\Windows\system32\WINNSI.DLL
0x000007fefc970000 - 0x000007fefc977000 	C:\Windows\System32\wshtcpip.dll
0x000007fef8240000 - 0x000007fef8248000 	C:\Windows\system32\rasadhlp.dll
0x000007fefb070000 - 0x000007fefb0c3000 	C:\Windows\System32\fwpuclnt.dll
0x000000006d5e0000 - 0x000000006d5ea000 	C:\Program Files\Java\jdk1.6.0_29\jre\bin\management.dll
0x000000006d6c0000 - 0x000000006d6cb000 	C:\Program Files\Java\jdk1.6.0_29\jre\bin\nio.dll
0x000007fefcfc0000 - 0x000007fefcfd7000 	C:\Windows\system32\CRYPTSP.dll
0x000007fefccc0000 - 0x000007fefcd07000 	C:\Windows\system32\rsaenh.dll
0x000007fefca80000 - 0x000007fefca9e000 	C:\Windows\system32\USERENV.dll
0x000007fefd730000 - 0x000007fefd73f000 	C:\Windows\system32\profapi.dll
0x000007fefd620000 - 0x000007fefd62f000 	C:\Windows\system32\CRYPTBASE.dll
0x0000000077490000 - 0x0000000077497000 	C:\Windows\system32\PSAPI.DLL

VM Arguments:
jvm_args: -Xms128M -Xmx512M -XX:MaxPermSize=512m 
java_command: G:\workspace_ofbiz\apache-ofbiz-12.04.02\ofbiz.jar install
Launcher Type: SUN_STANDARD

Environment Variables:
JAVA_HOME=C:\Program Files\Java\jdk1.6.0_29
CLASSPATH=.; .;C:\Program Files\Java\jdk1.6.0_29/lib/dt.jar;C:\Program Files\Java\jdk1.6.0_29/lib/tools.jar ;C:\Program Files (x86)\Java\jre6\lib\ext\QTJava.zip;E:\apache-activemq-5.8.0\conf\jndi.properties;
PATH=C:\Program Files (x86)\AMD APP\bin\x86_64;C:\Program Files (x86)\AMD APP\bin\x86;C:\Program Files\Java\jdk1.6.0_29\bin\;E:\oracle\ora92\bin;C:\Program Files (x86)\Oracle\jre\1.3.1\bin;C:\Program Files (x86)\Oracle\jre\1.1.8\bin;C:\Program Files\Java\jdk1.6.0_29\bin;C:\Windows\system32;C:\Windows;C:\Windows\System32\Wbem;C:\Windows\System32\WindowsPowerShell\v1.0\;C:\Program Files (x86)\Intel\Services\IPT\;C:\Program Files (x86)\ATI Technologies\ATI.ACE\Core-Static;C:\Program Files\ThinkPad\Bluetooth Software\;C:\Program Files\ThinkPad\Bluetooth Software\syswow64;C:\Program Files\Broadcom\WHL\;C:\Program Files\Broadcom\WHL\syswow64;C:\Program Files\Broadcom\WHL\SysWow64\;C:\Program Files\Broadcom\WHL\SysWow64\syswow64;C:\Program Files (x86)\Lenovo\Access Connections\;E:\Program Files\Rationa\common;E:\TXTCutter;E:\Search and Replace;D:\jcomponents\ws\apache-cxf-2.2.8\bin;D:\jcomponents\ant\apache-ant-1.8.2\bin;E:\EditPlus 3;D:\setup\jdgui;C:\Program Files\Microsoft\Web Platform Installer\;C:\Program Files (x86)\Microsoft ASP.NET\ASP.NET Web Pages\v1.0\;C:\Program Files\Microsoft SQL Server\110\Tools\Binn\;E:\apache-maven-3.0.4\bin;C:\Python27;C:\Program Files (x86)\QuickTime\QTSystem\
USERNAME=Administrator
OS=Windows_NT
PROCESSOR_IDENTIFIER=Intel64 Family 6 Model 42 Stepping 7, GenuineIntel



---------------  S Y S T E M  ---------------

OS: Windows 7 , 64 bit Build 7600 

CPU:total 4 (2 cores per cpu, 2 threads per core) family 6 model 42 stepping 7, cmov, cx8, fxsr, mmx, sse, sse2, sse3, ssse3, sse4.1, sse4.2, popcnt, ht

Memory: 4k page, physical 8297712k(3408512k free), swap 13538684k(7561864k free)

vm_info: Java HotSpot(TM) 64-Bit Server VM (20.4-b02) for windows-amd64 JRE (1.6.0_29-b11), built on Oct  3 2011 01:06:42 by "java_re" with MS VC++ 8.0 (VS2005)

time: Mon Jan 06 10:11:05 2014
elapsed time: 1108 seconds

