#
# A fatal error has been detected by the Java Runtime Environment:
#
#  EXCEPTION_ACCESS_VIOLATION (0xc0000005) at pc=0x000000006dce7411, pid=7916, tid=7464
#
# JRE version: 6.0_29-b11
# Java VM: Java HotSpot(TM) 64-Bit Server VM (20.4-b02 mixed mode windows-amd64 compressed oops)
# Problematic frame:
# V  [jvm.dll+0x457411]
#
# If you would like to submit a bug report, please visit:
#   http://java.sun.com/webapps/bugreport/crash.jsp
#

---------------  T H R E A D  ---------------

Current thread (0x0000000006888000):  JavaThread "C2 CompilerThread1" daemon [_thread_in_native, id=7464, stack(0x0000000006e20000,0x0000000006f20000)]

siginfo: ExceptionCode=0xc0000005, reading address 0xffffffffffffffff

Registers:
RAX=0x200000006deabe00, RBX=0x000000000b041e10, RCX=0x0000000008e39cf8, RDX=0x0000000010bdd930
RSP=0x0000000006f1c040, RBP=0x00000000000002b6, RSI=0x0000000000000009, RDI=0x0000000008e39cf8
R8 =0x0000000000000115, R9 =0x0000000000000200, R10=0x0000000000002336, R11=0x000000000873d070
R12=0x0000000000000001, R13=0x000000000b399068, R14=0x0000000006f1c140, R15=0x0000000006f1d960
RIP=0x000000006dce7411, EFLAGS=0x0000000000010206

Top of Stack: (sp=0x0000000006f1c040)
0x0000000006f1c040:   000000000b041e10 0000000000000019
0x0000000006f1c050:   0000000010bd0050 0000000000000000
0x0000000006f1c060:   0000000010bdd938 000006f800000031
0x0000000006f1c070:   0000000000000000 00000000087398b0
0x0000000006f1c080:   000000000b041e00 00000000086ae4c0
0x0000000006f1c090:   000000000b041e10 0000000006f1d960
0x0000000006f1c0a0:   0000000010bd0050 0000000006f1d960
0x0000000006f1c0b0:   0000000006882680 0000000000000000
0x0000000006f1c0c0:   000000000a901fe0 000000006dce7700
0x0000000006f1c0d0:   0000000010bd0050 0000000000000000
0x0000000006f1c0e0:   000000000a901fe0 000000000b041e10
0x0000000006f1c0f0:   0000000006882680 0000000010bd0050
0x0000000006f1c100:   00000000085fbd10 0000000006f1d900
0x0000000006f1c110:   000000000b041e10 00000000086ae4c0
0x0000000006f1c120:   00000000086bc3e0 0000000006882680
0x0000000006f1c130:   00000000086bc3e0 000000000000df20 

Instructions: (pc=0x000000006dce7411)
0x000000006dce73f1:   41 bc 01 00 00 00 66 66 90 66 66 90 66 66 90 49
0x000000006dce7401:   8b 45 10 48 ff ce 48 8b 3c f0 48 8b cf 48 8b 07
0x000000006dce7411:   ff 50 10 84 c0 0f 84 20 01 00 00 44 8b 57 28 45
0x000000006dce7421:   3b 57 28 0f 83 12 01 00 00 49 8b 47 30 4a 83 3c 


Register to memory mapping:

RAX=0x200000006deabe00 is an unknown value
RBX=0x000000000b041e10 is an unknown value
RCX=0x0000000008e39cf8 is an unknown value
RDX=0x0000000010bdd930 is an unknown value
RSP=0x0000000006f1c040 is pointing into the stack for thread: 0x0000000006888000
RBP=0x00000000000002b6 is an unknown value
RSI=0x0000000000000009 is an unknown value
RDI=0x0000000008e39cf8 is an unknown value
R8 =0x0000000000000115 is an unknown value
R9 =0x0000000000000200 is an unknown value
R10=0x0000000000002336 is an unknown value
R11=0x000000000873d070 is an unknown value
R12=0x0000000000000001 is an unknown value
R13=0x000000000b399068 is an unknown value
R14=0x0000000006f1c140 is pointing into the stack for thread: 0x0000000006888000
R15=0x0000000006f1d960 is pointing into the stack for thread: 0x0000000006888000


Stack: [0x0000000006e20000,0x0000000006f20000],  sp=0x0000000006f1c040,  free space=1008k
Native frames: (J=compiled Java code, j=interpreted, Vv=VM code, C=native code)
V  [jvm.dll+0x457411]


Current CompileTask:
C2:  75630 1602      org.ofbiz.webapp.control.ConfigXMLReader$RequestMap.<init>(Lorg/w3c/dom/Element;)V (350 bytes)


---------------  P R O C E S S  ---------------

Java Threads: ( => current thread )
  0x000000000a846000 JavaThread "catalina-startup-3" daemon [_thread_blocked, id=7748, stack(0x0000000010530000,0x0000000010630000)]
  0x0000000008612800 JavaThread "catalina-startup-2" daemon [_thread_in_Java, id=7500, stack(0x0000000010430000,0x0000000010530000)]
  0x0000000008611800 JavaThread "catalina-startup-1" daemon [_thread_in_native, id=8016, stack(0x0000000010330000,0x0000000010430000)]
  0x0000000008611000 JavaThread "catalina-startup-0" daemon [_thread_in_native, id=7804, stack(0x0000000010230000,0x0000000010330000)]
  0x0000000008610000 JavaThread "http-bio-0.0.0.0-8443-AsyncTimeout" daemon [_thread_blocked, id=4964, stack(0x0000000010130000,0x0000000010230000)]
  0x000000000860f800 JavaThread "http-bio-0.0.0.0-8443-Acceptor-0" daemon [_thread_in_native, id=3560, stack(0x0000000010030000,0x0000000010130000)]
  0x0000000008e13800 JavaThread "http-bio-0.0.0.0-8080-AsyncTimeout" daemon [_thread_blocked, id=5852, stack(0x000000000ff30000,0x0000000010030000)]
  0x0000000008e12800 JavaThread "http-bio-0.0.0.0-8080-Acceptor-0" daemon [_thread_in_native, id=6076, stack(0x000000000fe30000,0x000000000ff30000)]
  0x0000000008e12000 JavaThread "ajp-bio-0.0.0.0-8009-AsyncTimeout" daemon [_thread_blocked, id=3972, stack(0x000000000fd30000,0x000000000fe30000)]
  0x0000000008e11000 JavaThread "ajp-bio-0.0.0.0-8009-Acceptor-0" daemon [_thread_in_native, id=4748, stack(0x000000000fc30000,0x000000000fd30000)]
  0x0000000008e10800 JavaThread "ContainerBackgroundProcessor[StandardEngine[default-server]]" daemon [_thread_blocked, id=8160, stack(0x000000000fb30000,0x000000000fc30000)]
  0x0000000008e10000 JavaThread "ContainerBackgroundProcessor[StandardEngine[default-server].StandardHost[0.0.0.0]]" daemon [_thread_blocked, id=7040, stack(0x000000000fa30000,0x000000000fb30000)]
  0x0000000008e0f000 JavaThread "default-server-startStop-1" daemon [_thread_blocked, id=5204, stack(0x000000000f930000,0x000000000fa30000)]
  0x0000000008e0e800 JavaThread "RMI TCP Connection(2)-10.66.158.219" daemon [_thread_in_native, id=6680, stack(0x000000000f830000,0x000000000f930000)]
  0x0000000008e0d800 JavaThread "RMI RenewClean-[10.66.158.219:52594,org.ofbiz.service.rmi.socket.ssl.SSLClientSocketFactory@38598a4f]" daemon [_thread_blocked, id=5736, stack(0x000000000f730000,0x000000000f830000)]
  0x0000000008e0d000 JavaThread "RMI Scheduler(0)" daemon [_thread_blocked, id=7780, stack(0x000000000f630000,0x000000000f730000)]
  0x0000000008e0c000 JavaThread "RMI TCP Connection(1)-127.0.0.1" daemon [_thread_in_native, id=5748, stack(0x000000000f530000,0x000000000f630000)]
  0x000000000856b000 JavaThread "GC Daemon" daemon [_thread_blocked, id=8188, stack(0x000000000f430000,0x000000000f530000)]
  0x000000000856a000 JavaThread "RMI Reaper" [_thread_blocked, id=7848, stack(0x000000000f330000,0x000000000f430000)]
  0x0000000008569800 JavaThread "RMI TCP Accept-0" daemon [_thread_in_native, id=6624, stack(0x000000000f230000,0x000000000f330000)]
  0x0000000008568800 JavaThread "RMI TCP Accept-1099" daemon [_thread_in_native, id=3168, stack(0x000000000f130000,0x000000000f230000)]
  0x0000000008568000 JavaThread "org.ofbiz.service.jms.JmsListenerFactory@19e92eba" [_thread_blocked, id=4624, stack(0x000000000f030000,0x000000000f130000)]
  0x0000000008567000 JavaThread "org.ofbiz.service.job.JobPoller@f66751" [_thread_blocked, id=7980, stack(0x000000000ef30000,0x000000000f030000)]
  0x0000000008566800 JavaThread "default-invoker-Thread-22" [_thread_blocked, id=8108, stack(0x000000000ed30000,0x000000000ee30000)]
  0x0000000008566000 JavaThread "default-invoker-Thread-21" [_thread_blocked, id=7008, stack(0x000000000ec30000,0x000000000ed30000)]
  0x0000000008565000 JavaThread "default-invoker-Thread-20" [_thread_blocked, id=6368, stack(0x000000000eb30000,0x000000000ec30000)]
  0x0000000008564800 JavaThread "default-invoker-Thread-19" [_thread_blocked, id=7448, stack(0x000000000ea30000,0x000000000eb30000)]
  0x0000000008563800 JavaThread "default-invoker-Thread-18" [_thread_blocked, id=1556, stack(0x000000000e930000,0x000000000ea30000)]
  0x0000000008563000 JavaThread "OFBiz-config-3" daemon [_thread_blocked, id=7968, stack(0x000000000e830000,0x000000000e930000)]
  0x0000000008561800 JavaThread "Thread-16" daemon [_thread_blocked, id=5400, stack(0x000000000e730000,0x000000000e830000)]
  0x0000000008562000 JavaThread "entity-datasource(localderby)-0" daemon [_thread_blocked, id=7236, stack(0x000000000e630000,0x000000000e730000)]
  0x0000000008560800 JavaThread "entity-datasource(localderbyolap)-0" daemon [_thread_blocked, id=7596, stack(0x000000000d190000,0x000000000d290000)]
  0x0000000008560000 JavaThread "entity-datasource(localderbytenant)-0" daemon [_thread_blocked, id=7072, stack(0x000000000d090000,0x000000000d190000)]
  0x000000000855f800 JavaThread "derby.rawStoreDaemon" daemon [_thread_blocked, id=4368, stack(0x000000000cf90000,0x000000000d090000)]
  0x000000000855e800 JavaThread "derby.rawStoreDaemon" daemon [_thread_blocked, id=5832, stack(0x000000000cdb0000,0x000000000ceb0000)]
  0x000000000855e000 JavaThread "derby.rawStoreDaemon" daemon [_thread_blocked, id=5676, stack(0x000000000cbf0000,0x000000000ccf0000)]
  0x000000000855d000 JavaThread "Timer-1" daemon [_thread_blocked, id=6116, stack(0x000000000c9f0000,0x000000000caf0000)]
  0x000000000855c800 JavaThread "Timer-0" daemon [_thread_blocked, id=7436, stack(0x000000000c050000,0x000000000c150000)]
  0x0000000009118800 JavaThread "OFBiz-config-2" daemon [_thread_blocked, id=7380, stack(0x000000000c8f0000,0x000000000c9f0000)]
  0x0000000008b65000 JavaThread "OFBiz-config-1" daemon [_thread_blocked, id=7724, stack(0x000000000c7f0000,0x000000000c8f0000)]
  0x0000000008c47000 JavaThread "OFBiz-config-0" daemon [_thread_blocked, id=7940, stack(0x000000000c6f0000,0x000000000c7f0000)]
  0x000000000b07f800 JavaThread "ExecutionPoolPulseWorker(3)" daemon [_thread_blocked, id=2036, stack(0x000000000c5f0000,0x000000000c6f0000)]
  0x000000000bf69800 JavaThread "ExecutionPoolPulseWorker(2)" daemon [_thread_blocked, id=7888, stack(0x000000000c4f0000,0x000000000c5f0000)]
  0x00000000093cf000 JavaThread "ExecutionPoolPulseWorker(1)" daemon [_thread_blocked, id=3196, stack(0x000000000c3f0000,0x000000000c4f0000)]
  0x000000000b039000 JavaThread "ExecutionPoolPulseWorker(0)" daemon [_thread_blocked, id=2796, stack(0x000000000c2f0000,0x000000000c3f0000)]
  0x000000000863f800 JavaThread "AsyncAppender-Dispatcher-Thread-3" daemon [_thread_blocked, id=7180, stack(0x0000000008fe0000,0x00000000090e0000)]
  0x0000000007832000 JavaThread "AdminPortThread" [_thread_in_native, id=2648, stack(0x0000000007d20000,0x0000000007e20000)]
  0x000000000688f800 JavaThread "Low Memory Detector" daemon [_thread_blocked, id=7332, stack(0x0000000006f20000,0x0000000007020000)]
=>0x0000000006888000 JavaThread "C2 CompilerThread1" daemon [_thread_in_native, id=7464, stack(0x0000000006e20000,0x0000000006f20000)]
  0x0000000006883000 JavaThread "C2 CompilerThread0" daemon [_thread_in_native, id=6692, stack(0x0000000006d20000,0x0000000006e20000)]
  0x000000000683c000 JavaThread "Attach Listener" daemon [_thread_blocked, id=3764, stack(0x0000000006c20000,0x0000000006d20000)]
  0x0000000006836800 JavaThread "Signal Dispatcher" daemon [_thread_blocked, id=7648, stack(0x0000000006b20000,0x0000000006c20000)]
  0x0000000006820800 JavaThread "Finalizer" daemon [_thread_blocked, id=7684, stack(0x0000000006a20000,0x0000000006b20000)]
  0x000000000052e800 JavaThread "Reference Handler" daemon [_thread_blocked, id=7620, stack(0x0000000006720000,0x0000000006820000)]
  0x000000000055f000 JavaThread "main" [_thread_blocked, id=1720, stack(0x0000000002440000,0x0000000002540000)]

Other Threads:
  0x0000000000526000 VMThread [stack: 0x0000000006620000,0x0000000006720000] [id=1128]
  0x0000000006890000 WatcherThread [stack: 0x0000000007020000,0x0000000007120000] [id=4188]

VM state:not at safepoint (normal execution)

VM Mutex/Monitor currently owned by a thread: None

Heap
 PSYoungGen      total 284352K, used 245591K [0x00000007d5cb0000, 0x00000007ea9b0000, 0x0000000800000000)
  eden space 259072K, 94% used [0x00000007d5cb0000,0x00000007e4c85c10,0x00000007e59b0000)
  from space 25280K, 0% used [0x00000007e59b0000,0x00000007e59b0000,0x00000007e7260000)
  to   space 40704K, 0% used [0x00000007e81f0000,0x00000007e81f0000,0x00000007ea9b0000)
 PSOldGen        total 86464K, used 74172K [0x0000000781600000, 0x0000000786a70000, 0x00000007d5cb0000)
  object space 86464K, 85% used [0x0000000781600000,0x0000000785e6f3f8,0x0000000786a70000)
 PSPermGen       total 70400K, used 42060K [0x000000077c400000, 0x00000007808c0000, 0x0000000781600000)
  object space 70400K, 59% used [0x000000077c400000,0x000000077ed132a8,0x00000007808c0000)

Code Cache  [0x0000000002540000, 0x0000000002a60000, 0x0000000005540000)
 total_blobs=2011 nmethods=1460 adapters=502 free_code_cache=45064064 largest_free_block=17216

Dynamic libraries:
0x0000000000400000 - 0x000000000042e000 	C:\Program Files\Java\jdk1.6.0_29\bin\javaw.exe
0x00000000772c0000 - 0x000000007746c000 	C:\Windows\SYSTEM32\ntdll.dll
0x00000000771a0000 - 0x00000000772bf000 	C:\Windows\system32\kernel32.dll
0x000007fefd900000 - 0x000007fefd96c000 	C:\Windows\system32\KERNELBASE.dll
0x000007fefdfa0000 - 0x000007fefe07b000 	C:\Windows\system32\ADVAPI32.dll
0x000007fefe260000 - 0x000007fefe2ff000 	C:\Windows\system32\msvcrt.dll
0x000007fefe550000 - 0x000007fefe56f000 	C:\Windows\SYSTEM32\sechost.dll
0x000007fefe330000 - 0x000007fefe45e000 	C:\Windows\system32\RPCRT4.dll
0x00000000770a0000 - 0x000000007719a000 	C:\Windows\system32\USER32.dll
0x000007feff460000 - 0x000007feff4c7000 	C:\Windows\system32\GDI32.dll
0x000007fefdb00000 - 0x000007fefdb0e000 	C:\Windows\system32\LPK.dll
0x000007fefe460000 - 0x000007fefe52a000 	C:\Windows\system32\USP10.dll
0x000007fefe300000 - 0x000007fefe32e000 	C:\Windows\system32\IMM32.DLL
0x000007fefe570000 - 0x000007fefe679000 	C:\Windows\system32\MSCTF.dll
0x000000006d890000 - 0x000000006e048000 	C:\Program Files\Java\jdk1.6.0_29\jre\bin\server\jvm.dll
0x000007fefba10000 - 0x000007fefba4b000 	C:\Windows\system32\WINMM.dll
0x000000006d800000 - 0x000000006d80e000 	C:\Program Files\Java\jdk1.6.0_29\jre\bin\verify.dll
0x000000006d450000 - 0x000000006d477000 	C:\Program Files\Java\jdk1.6.0_29\jre\bin\java.dll
0x000000006d850000 - 0x000000006d862000 	C:\Program Files\Java\jdk1.6.0_29\jre\bin\zip.dll
0x000000006d6a0000 - 0x000000006d6b7000 	C:\Program Files\Java\jdk1.6.0_29\jre\bin\net.dll
0x000007feff410000 - 0x000007feff45d000 	C:\Windows\system32\WS2_32.dll
0x000007feff5c0000 - 0x000007feff5c8000 	C:\Windows\system32\NSI.dll
0x000007fefcf60000 - 0x000007fefcfb4000 	C:\Windows\system32\mswsock.dll
0x000007fefcf50000 - 0x000007fefcf57000 	C:\Windows\System32\wship6.dll
0x000007fefc970000 - 0x000007fefc977000 	C:\Windows\System32\wshtcpip.dll
0x000007fefb800000 - 0x000007fefb815000 	C:\Windows\system32\NLAapi.dll
0x000007fefcde0000 - 0x000007fefce3b000 	C:\Windows\system32\DNSAPI.dll
0x000007fef7c30000 - 0x000007fef7c3b000 	C:\Windows\System32\winrnr.dll
0x000007fef7c10000 - 0x000007fef7c25000 	C:\Windows\system32\napinsp.dll
0x000007fef7b10000 - 0x000007fef7b29000 	C:\Windows\system32\pnrpnsp.dll
0x00000000725d0000 - 0x00000000725f6000 	C:\Program Files\Bonjour\mdnsNSP.dll
0x000007fefb340000 - 0x000007fefb367000 	C:\Windows\system32\Iphlpapi.DLL
0x000007fefb320000 - 0x000007fefb32b000 	C:\Windows\system32\WINNSI.DLL
0x000007fef8240000 - 0x000007fef8248000 	C:\Windows\system32\rasadhlp.dll
0x000007fefb070000 - 0x000007fefb0c3000 	C:\Windows\System32\fwpuclnt.dll
0x000000006d5e0000 - 0x000000006d5ea000 	C:\Program Files\Java\jdk1.6.0_29\jre\bin\management.dll
0x000000006d6c0000 - 0x000000006d6cb000 	C:\Program Files\Java\jdk1.6.0_29\jre\bin\nio.dll
0x000007fefcfc0000 - 0x000007fefcfd7000 	C:\Windows\system32\CRYPTSP.dll
0x000007fefccc0000 - 0x000007fefcd07000 	C:\Windows\system32\rsaenh.dll
0x000007fefca80000 - 0x000007fefca9e000 	C:\Windows\system32\USERENV.dll
0x000007fefd730000 - 0x000007fefd73f000 	C:\Windows\system32\profapi.dll
0x000007fefd620000 - 0x000007fefd62f000 	C:\Windows\system32\CRYPTBASE.dll
0x000000006d740000 - 0x000000006d746000 	C:\Program Files\Java\jdk1.6.0_29\jre\bin\rmi.dll
0x0000000077490000 - 0x0000000077497000 	C:\Windows\system32\PSAPI.DLL

VM Arguments:
jvm_args: -Dfile.encoding=UTF-8 
java_command: org.ofbiz.base.start.Start
Launcher Type: SUN_STANDARD

Environment Variables:
JAVA_HOME=C:\Program Files\Java\jdk1.6.0_29
CLASSPATH=.; .;C:\Program Files\Java\jdk1.6.0_29/lib/dt.jar;C:\Program Files\Java\jdk1.6.0_29/lib/tools.jar ;C:\Program Files (x86)\Java\jre6\lib\ext\QTJava.zip;E:\apache-activemq-5.8.0\conf\jndi.properties;
PATH=G:/Genuitec/MyEclipse10/Common/binary/com.sun.java.jdk.win32.x86_1.6.0.013/jre/bin/client;G:/Genuitec/MyEclipse10/Common/binary/com.sun.java.jdk.win32.x86_1.6.0.013/jre/bin;G:/Genuitec/MyEclipse10/Common/binary/com.sun.java.jdk.win32.x86_1.6.0.013/jre/lib/i386;C:\Program Files (x86)\AMD APP\bin\x86_64;C:\Program Files (x86)\AMD APP\bin\x86;C:\Program Files\Java\jdk1.6.0_29\bin\;E:\oracle\ora92\bin;C:\Program Files (x86)\Oracle\jre\1.3.1\bin;C:\Program Files (x86)\Oracle\jre\1.1.8\bin;C:\Program Files\Java\jdk1.6.0_29\bin;C:\Windows\system32;C:\Windows;C:\Windows\System32\Wbem;C:\Windows\System32\WindowsPowerShell\v1.0\;C:\Program Files (x86)\Intel\Services\IPT\;C:\Program Files (x86)\ATI Technologies\ATI.ACE\Core-Static;C:\Program Files\ThinkPad\Bluetooth Software\;C:\Program Files\ThinkPad\Bluetooth Software\syswow64;C:\Program Files\Broadcom\WHL\;C:\Program Files\Broadcom\WHL\syswow64;C:\Program Files\Broadcom\WHL\SysWow64\;C:\Program Files\Broadcom\WHL\SysWow64\syswow64;C:\Program Files (x86)\Lenovo\Access Connections\;E:\Program Files\Rationa\common;E:\TXTCutter;E:\Search and Replace;D:\jcomponents\ws\apache-cxf-2.2.8\bin;D:\jcomponents\ant\apache-ant-1.8.2\bin;E:\EditPlus 3;D:\setup\jdgui;C:\Program Files\Microsoft\Web Platform Installer\;C:\Program Files (x86)\Microsoft ASP.NET\ASP.NET Web Pages\v1.0\;C:\Program Files\Microsoft SQL Server\110\Tools\Binn\;E:\apache-maven-3.0.4\bin;C:\Python27;C:\Program Files (x86)\QuickTime\QTSystem\
USERNAME=Administrator
OS=Windows_NT
PROCESSOR_IDENTIFIER=Intel64 Family 6 Model 42 Stepping 7, GenuineIntel



---------------  S Y S T E M  ---------------

OS: Windows 7 , 64 bit Build 7600 

CPU:total 4 (2 cores per cpu, 2 threads per core) family 6 model 42 stepping 7, cmov, cx8, fxsr, mmx, sse, sse2, sse3, ssse3, sse4.1, sse4.2, popcnt, ht

Memory: 4k page, physical 8297712k(3046112k free), swap 13538684k(7460524k free)

vm_info: Java HotSpot(TM) 64-Bit Server VM (20.4-b02) for windows-amd64 JRE (1.6.0_29-b11), built on Oct  3 2011 01:06:42 by "java_re" with MS VC++ 8.0 (VS2005)

time: Mon Jan 06 10:31:46 2014
elapsed time: 75 seconds

